<?xml version="1.0" encoding="UTF-8"?>
<!-- Generated by org.testng.reporters.JUnitReportReporter -->
<testsuite skipped="0" hostname="DESKTOP-H0N65GH" name="academy.LogInTest" tests="2" failures="0" timestamp="2020-08-21T11:36:04 EDT" time="7.747" errors="0">
  <testcase name="basePageNavigation" time="5.324" classname="academy.LogInTest"/>
  <testcase name="basePageNavigation" time="2.423" classname="academy.LogInTest"/>
</testsuite> <!-- academy.LogInTest -->
