<?xml version="1.0" encoding="UTF-8"?>
<!-- Generated by org.testng.reporters.JUnitReportReporter -->
<testsuite skipped="0" hostname="DESKTOP-H0N65GH" name="UdemyProjectDemo.Udemy_E2E_Framework.HomePage" tests="1" failures="0" timestamp="23 Jul 2020 03:05:35 GMT" time="11.523" errors="0">
  <testcase name="basePageNavigation" time="11.523" classname="UdemyProjectDemo.Udemy_E2E_Framework.HomePage"/>
</testsuite> <!-- UdemyProjectDemo.Udemy_E2E_Framework.HomePage -->
