<?xml version="1.0" encoding="UTF-8"?>
<!-- Generated by org.testng.reporters.JUnitReportReporter -->
<testsuite skipped="0" hostname="DESKTOP-H0N65GH" name="UdemyProjectDemo.Udemy_E2E_Framework.validateTitleTest" tests="1" failures="0" timestamp="2020-07-28T12:47:08 EDT" time="0.071" errors="0">
  <testcase name="TitleTest" time="0.071" classname="UdemyProjectDemo.Udemy_E2E_Framework.validateTitleTest"/>
</testsuite> <!-- UdemyProjectDemo.Udemy_E2E_Framework.validateTitleTest -->
