<?xml version="1.0" encoding="UTF-8"?>
<!-- Generated by org.testng.reporters.JUnitReportReporter -->
<testsuite skipped="0" hostname="DESKTOP-H0N65GH" name="UdemyProjectDemo.Udemy_E2E_Framework.LogInTest" tests="2" failures="0" timestamp="2020-08-06T17:06:44 EDT" time="23.532" errors="0">
  <testcase name="basePageNavigation" time="11.136" classname="UdemyProjectDemo.Udemy_E2E_Framework.LogInTest"/>
  <testcase name="basePageNavigation" time="12.396" classname="UdemyProjectDemo.Udemy_E2E_Framework.LogInTest"/>
</testsuite> <!-- UdemyProjectDemo.Udemy_E2E_Framework.LogInTest -->
